<?xml version="1.0" encoding="UTF-8"?>
<!-- Generated by org.testng.reporters.JUnitReportReporter -->
<testsuite hostname="DESKTOP-7O6VRUV" failures="0" tests="1" name="Tests.RegisterTests" time="23.924" errors="0" timestamp="2023-05-20T02:37:18 EET" skipped="0">
  <testcase classname="Tests.RegisterTests" name="alreadyRegisteredEmail" time="23.924"/>
  <system-out/>
</testsuite> <!-- Tests.RegisterTests -->
