<?xml version="1.0" encoding="UTF-8"?>
<!-- Generated by org.testng.reporters.JUnitReportReporter -->
<testsuite hostname="DESKTOP-7O6VRUV" failures="0" tests="2" name="Tests.LoginTests" time="28.236" errors="0" timestamp="2023-05-20T02:37:18 EET" skipped="0">
  <testcase classname="Tests.LoginTests" name="TestValidLoggingIn" time="11.315"/>
  <system-out/>
  <testcase classname="Tests.LoginTests" name="TestInValidLoggingIn" time="16.921"/>
  <system-out/>
</testsuite> <!-- Tests.LoginTests -->
